<?xml version="1.0" encoding="UTF-8"?>
<!-- Generated by org.testng.reporters.JUnitXMLReporter -->
<testsuite hostname="YP1009099DT" ignored="0" name="SeleniumPracticeRegression" tests="8" failures="2" timestamp="17 Apr 2019 08:40:47 GMT" time="0.234" errors="0">
  <testcase name="test1" time="0.031" classname="com.practice.tests.AnnotationTransformerTest">
    <skipped/>
  </testcase> <!-- test1 -->
  <testcase name="test1" time="0.0" classname="com.practice.tests.AnnotationTransformerTest">
    <skipped/>
  </testcase> <!-- test1 -->
  <testcase name="test1" time="0.0" classname="com.practice.tests.AnnotationTransformerTest">
    <skipped/>
  </testcase> <!-- test1 -->
  <testcase name="test1" time="0.016" classname="com.practice.tests.AnnotationTransformerTest">
    <failure type="java.lang.AssertionError" message="expected [false] but found [true]">
      <![CDATA[java.lang.AssertionError: expected [false] but found [true]
at com.practice.tests.AnnotationTransformerTest.test1(AnnotationTransformerTest.java:10)
at java.util.concurrent.ThreadPoolExecutor.runWorker(Unknown Source)
at java.util.concurrent.ThreadPoolExecutor$Worker.run(Unknown Source)
at java.lang.Thread.run(Unknown Source)
... Removed 16 stack frames]]>
    </failure>
  </testcase> <!-- test1 -->
  <testcase name="test2" time="0.0" classname="com.practice.tests.AnnotationTransformerTest">
    <skipped/>
  </testcase> <!-- test2 -->
  <testcase name="test2" time="0.0" classname="com.practice.tests.AnnotationTransformerTest">
    <skipped/>
  </testcase> <!-- test2 -->
  <testcase name="test2" time="0.015" classname="com.practice.tests.AnnotationTransformerTest">
    <skipped/>
  </testcase> <!-- test2 -->
  <testcase name="test2" time="0.031" classname="com.practice.tests.AnnotationTransformerTest">
    <failure type="java.lang.AssertionError" message="expected [false] but found [true]">
      <![CDATA[java.lang.AssertionError: expected [false] but found [true]
at com.practice.tests.AnnotationTransformerTest.test2(AnnotationTransformerTest.java:15)
at java.util.concurrent.ThreadPoolExecutor.runWorker(Unknown Source)
at java.util.concurrent.ThreadPoolExecutor$Worker.run(Unknown Source)
at java.lang.Thread.run(Unknown Source)
... Removed 16 stack frames]]>
    </failure>
  </testcase> <!-- test2 -->
</testsuite> <!-- SeleniumPracticeRegression -->
